
Watching for file changes with StatReloader
"GET / HTTP/1.1" 200 7660
"GET /static/css/styles.css HTTP/1.1" 304 0
"GET /static/js/app.js HTTP/1.1" 200 391
"GET /static/imagenes/loguito1.jpg HTTP/1.1" 200 6215
"GET /static/imagenes/kender.jpg HTTP/1.1" 200 386493
"GET /static/imagenes/cotai1.jpg HTTP/1.1" 200 98971
"GET /static/imagenes/logo1.jfif HTTP/1.1" 200 26886
"GET /static/imagenes/ventas.jpg HTTP/1.1" 200 159778
"GET /static/favicon.ico HTTP/1.1" 200 207982
"GET / HTTP/1.1" 200 7660
"GET /static/js/app.js HTTP/1.1" 200 391
"GET /static/css/styles.css HTTP/1.1" 200 22772
"GET /static/css/bootstrap.min.css HTTP/1.1" 200 232691
"GET /static/js/bootstrap.bundle.min.js HTTP/1.1" 200 80578
"GET /static/imagenes/loguito1.jpg HTTP/1.1" 200 6215
"GET /static/imagenes/logo1.jfif HTTP/1.1" 200 26886
"GET /static/imagenes/cotai1.jpg HTTP/1.1" 200 98971
"GET /static/imagenes/ventas.jpg HTTP/1.1" 200 159778
"GET /static/imagenes/kender.jpg HTTP/1.1" 200 386493
"GET /static/imagenes/banda.jpg HTTP/1.1" 200 91584
"GET /static/favicon.ico HTTP/1.1" 200 207982
"GET /prematricula10/ HTTP/1.1" 200 11598
"GET /static/js/especialidades.js HTTP/1.1" 200 418
"GET /admin/ HTTP/1.1" 302 0
"GET /admin/login/?next=/admin/ HTTP/1.1" 200 4244
"GET /static/admin/css/nav_sidebar.css HTTP/1.1" 200 2694
"GET /static/admin/css/dark_mode.css HTTP/1.1" 200 2929
"GET /static/admin/css/base.css HTTP/1.1" 200 21310
"GET /static/admin/css/login.css HTTP/1.1" 200 958
"GET /static/admin/css/responsive.css HTTP/1.1" 200 18559
"GET /static/admin/js/theme.js HTTP/1.1" 200 1943
"GET /static/admin/js/nav_sidebar.js HTTP/1.1" 200 3063
Not Found: /favicon.ico
"GET /favicon.ico HTTP/1.1" 404 3933
"POST /admin/login/?next=/admin/ HTTP/1.1" 302 0
"GET /admin/ HTTP/1.1" 200 13935
"GET /static/admin/css/dashboard.css HTTP/1.1" 200 441
"GET /static/admin/img/icon-changelink.svg HTTP/1.1" 200 380
"GET /static/admin/img/icon-addlink.svg HTTP/1.1" 200 331
"GET /admin/Principal/prematricula/ HTTP/1.1" 200 12867
"GET /static/admin/css/changelists.css HTTP/1.1" 200 6566
"GET /static/admin/js/jquery.init.js HTTP/1.1" 200 347
"GET /static/admin/js/actions.js HTTP/1.1" 200 7872
"GET /static/admin/js/admin/RelatedObjectLookups.js HTTP/1.1" 200 8943
"GET /static/admin/js/core.js HTTP/1.1" 200 5682
"GET /static/admin/js/urlify.js HTTP/1.1" 200 7887
"GET /static/admin/js/prepopulate.js HTTP/1.1" 200 1531
"GET /static/admin/js/vendor/jquery/jquery.js HTTP/1.1" 200 292458
"GET /admin/jsi18n/ HTTP/1.1" 200 8006
"GET /static/admin/js/filters.js HTTP/1.1" 200 978
"GET /static/admin/img/search.svg HTTP/1.1" 200 458
"GET /static/admin/js/vendor/xregexp/xregexp.js HTTP/1.1" 200 232381
"GET /static/admin/img/tooltag-add.svg HTTP/1.1" 200 331
"GET /admin/Principal/prematricula/1/change/ HTTP/1.1" 200 25161
"GET /static/admin/css/forms.css HTTP/1.1" 200 9048
"GET /admin/jsi18n/ HTTP/1.1" 200 8006
"GET /static/admin/css/widgets.css HTTP/1.1" 200 11921
"GET /static/admin/js/prepopulate_init.js HTTP/1.1" 200 586
"GET /static/admin/js/calendar.js HTTP/1.1" 200 8466
"GET /static/admin/js/admin/DateTimeShortcuts.js HTTP/1.1" 200 19319
"GET /static/admin/js/change_form.js HTTP/1.1" 200 606
"GET /static/admin/img/icon-calendar.svg HTTP/1.1" 200 1086
"POST /admin/Principal/prematricula/1/change/ HTTP/1.1" 302 0
"GET /admin/Principal/prematricula/ HTTP/1.1" 200 13104
"GET /admin/jsi18n/ HTTP/1.1" 200 8006
"GET /static/admin/img/icon-yes.svg HTTP/1.1" 200 436
"GET / HTTP/1.1" 200 8637
"GET /static/imagenes/ausencias.jpg HTTP/1.1" 200 95041
"GET /static/imagenes/Prematricula-fondo.jpg HTTP/1.1" 200 109074
"GET /downloads/viewPreMatricula/ HTTP/1.1" 200 4822
"POST /downloads/viewPreMatricula/ HTTP/1.1" 200 5765
"GET /downloads/pdf/ HTTP/1.1" 200 10678
Watching for file changes with StatReloader
Internal Server Error: /downloads/pdf/
Traceback (most recent call last):
  File "D:\CTPR\venv\Lib\site-packages\django\core\handlers\exception.py", line 55, in inner
    response = get_response(request)
               ^^^^^^^^^^^^^^^^^^^^^
  File "D:\CTPR\venv\Lib\site-packages\django\core\handlers\base.py", line 197, in _get_response
    response = wrapped_callback(request, *callback_args, **callback_kwargs)
               ^^^^^^^^^^^^^^^^^^^^^^^^^^^^^^^^^^^^^^^^^^^^^^^^^^^^^^^^^^^^
  File "D:\CTPR\venv\Lib\site-packages\django\views\generic\base.py", line 104, in view
    return self.dispatch(request, *args, **kwargs)
           ^^^^^^^^^^^^^^^^^^^^^^^^^^^^^^^^^^^^^^^
  File "D:\CTPR\venv\Lib\site-packages\django\views\generic\base.py", line 143, in dispatch
    return handler(request, *args, **kwargs)
           ^^^^^^^^^^^^^^^^^^^^^^^^^^^^^^^^^
  File "D:\CTPR\Descargar_PDF\views.py", line 21, in get
    estudiante = preMatricula.objects.filter(cedu_estudiante=cedu_estu)
                                                             ^^^^^^^^^
NameError: name 'cedu_estu' is not defined
"GET /downloads/pdf/ HTTP/1.1" 500 83740
"GET / HTTP/1.1" 200 8637
"GET /downloads/viewPreMatricula/ HTTP/1.1" 200 4822
"POST /downloads/viewPreMatricula/ HTTP/1.1" 200 5765
"GET /downloads/pdf/ HTTP/1.1" 200 10680
Watching for file changes with StatReloader
"GET / HTTP/1.1" 200 7660
"GET /static/css/styles.css HTTP/1.1" 304 0
"GET /static/js/app.js HTTP/1.1" 200 391
"GET /static/imagenes/loguito1.jpg HTTP/1.1" 200 6215
"GET /static/imagenes/logo1.jfif HTTP/1.1" 200 26886
"GET /static/imagenes/cotai1.jpg HTTP/1.1" 200 98971
"GET /static/imagenes/kender.jpg HTTP/1.1" 200 386493
"GET /static/imagenes/ventas.jpg HTTP/1.1" 200 159778
"GET /static/favicon.ico HTTP/1.1" 200 207982
"GET / HTTP/1.1" 200 7660
"GET /static/js/app.js HTTP/1.1" 200 391
"GET /static/css/styles.css HTTP/1.1" 200 22772
"GET /static/css/bootstrap.min.css HTTP/1.1" 200 232691
"GET /static/js/bootstrap.bundle.min.js HTTP/1.1" 200 80578
"GET /static/imagenes/loguito1.jpg HTTP/1.1" 200 6215
"GET /static/imagenes/logo1.jfif HTTP/1.1" 200 26886
"GET /static/imagenes/cotai1.jpg HTTP/1.1" 200 98971
"GET /static/imagenes/ventas.jpg HTTP/1.1" 200 159778
"GET /static/imagenes/kender.jpg HTTP/1.1" 200 386493
"GET /static/imagenes/banda.jpg HTTP/1.1" 200 91584
"GET /static/favicon.ico HTTP/1.1" 200 207982
Watching for file changes with StatReloader
"GET / HTTP/1.1" 200 7660
"GET /admin/ HTTP/1.1" 302 0
"GET /admin/login/?next=/admin/ HTTP/1.1" 200 4244
"GET /static/admin/css/nav_sidebar.css HTTP/1.1" 200 2694
"GET /static/admin/css/login.css HTTP/1.1" 200 958
"GET /static/admin/css/dark_mode.css HTTP/1.1" 200 2929
"GET /static/admin/css/responsive.css HTTP/1.1" 200 18559
"GET /static/admin/css/base.css HTTP/1.1" 200 21310
"GET /static/admin/js/theme.js HTTP/1.1" 200 1943
"GET /static/admin/js/nav_sidebar.js HTTP/1.1" 200 3063
Not Found: /favicon.ico
"GET /favicon.ico HTTP/1.1" 404 3933
"POST /admin/login/?next=/admin/ HTTP/1.1" 302 0
"GET /admin/ HTTP/1.1" 200 13923
"GET /static/admin/css/dashboard.css HTTP/1.1" 200 441
"GET /static/admin/img/icon-changelink.svg HTTP/1.1" 200 380
"GET /static/admin/img/icon-addlink.svg HTTP/1.1" 200 331
Watching for file changes with StatReloader
"GET / HTTP/1.1" 200 7591
"GET /admin/ HTTP/1.1" 302 0
"GET /admin/login/?next=/admin/ HTTP/1.1" 200 4244
"POST /admin/login/?next=/admin/ HTTP/1.1" 200 4445
"POST /admin/login/?next=/admin/ HTTP/1.1" 302 0
"GET /admin/ HTTP/1.1" 200 13714
"GET /static/admin/img/icon-deletelink.svg HTTP/1.1" 200 392
"GET / HTTP/1.1" 200 8568
"GET /static/imagenes/ausencias.jpg HTTP/1.1" 200 95041
"GET /static/imagenes/Prematricula-fondo.jpg HTTP/1.1" 200 109074
"GET /downloads/viewPreMatricula/ HTTP/1.1" 200 4822
"POST /downloads/viewPreMatricula/ HTTP/1.1" 200 5765
"GET /downloads/pdf/ HTTP/1.1" 200 10678
"GET / HTTP/1.1" 200 8568
D:\CTPR\CTPR\settings.py changed, reloading.
Watching for file changes with StatReloader
Watching for file changes with StatReloader
Watching for file changes with StatReloader
Invalid HTTP_HOST header: '127.0.0.1:8000'. You may need to add '127.0.0.1' to ALLOWED_HOSTS.
Traceback (most recent call last):
  File "D:\CTPR\venv\Lib\site-packages\django\core\handlers\exception.py", line 55, in inner
    response = get_response(request)
               ^^^^^^^^^^^^^^^^^^^^^
  File "D:\CTPR\venv\Lib\site-packages\django\utils\deprecation.py", line 133, in __call__
    response = self.process_request(request)
               ^^^^^^^^^^^^^^^^^^^^^^^^^^^^^
  File "D:\CTPR\venv\Lib\site-packages\django\middleware\common.py", line 48, in process_request
    host = request.get_host()
           ^^^^^^^^^^^^^^^^^^
  File "D:\CTPR\venv\Lib\site-packages\django\http\request.py", line 150, in get_host
    raise DisallowedHost(msg)
django.core.exceptions.DisallowedHost: Invalid HTTP_HOST header: '127.0.0.1:8000'. You may need to add '127.0.0.1' to ALLOWED_HOSTS.
Bad Request: /
"GET / HTTP/1.1" 400 143
Invalid HTTP_HOST header: '127.0.0.1:8000'. You may need to add '127.0.0.1' to ALLOWED_HOSTS.
Traceback (most recent call last):
  File "D:\CTPR\venv\Lib\site-packages\django\core\handlers\exception.py", line 55, in inner
    response = get_response(request)
               ^^^^^^^^^^^^^^^^^^^^^
  File "D:\CTPR\venv\Lib\site-packages\django\utils\deprecation.py", line 133, in __call__
    response = self.process_request(request)
               ^^^^^^^^^^^^^^^^^^^^^^^^^^^^^
  File "D:\CTPR\venv\Lib\site-packages\django\middleware\common.py", line 48, in process_request
    host = request.get_host()
           ^^^^^^^^^^^^^^^^^^
  File "D:\CTPR\venv\Lib\site-packages\django\http\request.py", line 150, in get_host
    raise DisallowedHost(msg)
django.core.exceptions.DisallowedHost: Invalid HTTP_HOST header: '127.0.0.1:8000'. You may need to add '127.0.0.1' to ALLOWED_HOSTS.
Bad Request: /favicon.ico
"GET /favicon.ico HTTP/1.1" 400 143
Invalid HTTP_HOST header: '127.0.0.1:8000'. You may need to add '127.0.0.1' to ALLOWED_HOSTS.
Traceback (most recent call last):
  File "D:\CTPR\venv\Lib\site-packages\django\core\handlers\exception.py", line 55, in inner
    response = get_response(request)
               ^^^^^^^^^^^^^^^^^^^^^
  File "D:\CTPR\venv\Lib\site-packages\django\utils\deprecation.py", line 133, in __call__
    response = self.process_request(request)
               ^^^^^^^^^^^^^^^^^^^^^^^^^^^^^
  File "D:\CTPR\venv\Lib\site-packages\django\middleware\common.py", line 48, in process_request
    host = request.get_host()
           ^^^^^^^^^^^^^^^^^^
  File "D:\CTPR\venv\Lib\site-packages\django\http\request.py", line 150, in get_host
    raise DisallowedHost(msg)
django.core.exceptions.DisallowedHost: Invalid HTTP_HOST header: '127.0.0.1:8000'. You may need to add '127.0.0.1' to ALLOWED_HOSTS.
Bad Request: /
"GET / HTTP/1.1" 400 143
Invalid HTTP_HOST header: '127.0.0.1:8000'. You may need to add '127.0.0.1' to ALLOWED_HOSTS.
Traceback (most recent call last):
  File "D:\CTPR\venv\Lib\site-packages\django\core\handlers\exception.py", line 55, in inner
    response = get_response(request)
               ^^^^^^^^^^^^^^^^^^^^^
  File "D:\CTPR\venv\Lib\site-packages\django\utils\deprecation.py", line 133, in __call__
    response = self.process_request(request)
               ^^^^^^^^^^^^^^^^^^^^^^^^^^^^^
  File "D:\CTPR\venv\Lib\site-packages\django\middleware\common.py", line 48, in process_request
    host = request.get_host()
           ^^^^^^^^^^^^^^^^^^
  File "D:\CTPR\venv\Lib\site-packages\django\http\request.py", line 150, in get_host
    raise DisallowedHost(msg)
django.core.exceptions.DisallowedHost: Invalid HTTP_HOST header: '127.0.0.1:8000'. You may need to add '127.0.0.1' to ALLOWED_HOSTS.
Bad Request: /favicon.ico
"GET /favicon.ico HTTP/1.1" 400 143
Invalid HTTP_HOST header: '127.0.0.1:8000'. You may need to add '127.0.0.1' to ALLOWED_HOSTS.
Traceback (most recent call last):
  File "D:\CTPR\venv\Lib\site-packages\django\core\handlers\exception.py", line 55, in inner
    response = get_response(request)
               ^^^^^^^^^^^^^^^^^^^^^
  File "D:\CTPR\venv\Lib\site-packages\django\utils\deprecation.py", line 133, in __call__
    response = self.process_request(request)
               ^^^^^^^^^^^^^^^^^^^^^^^^^^^^^
  File "D:\CTPR\venv\Lib\site-packages\django\middleware\common.py", line 48, in process_request
    host = request.get_host()
           ^^^^^^^^^^^^^^^^^^
  File "D:\CTPR\venv\Lib\site-packages\django\http\request.py", line 150, in get_host
    raise DisallowedHost(msg)
django.core.exceptions.DisallowedHost: Invalid HTTP_HOST header: '127.0.0.1:8000'. You may need to add '127.0.0.1' to ALLOWED_HOSTS.
Bad Request: /
"GET / HTTP/1.1" 400 143
Invalid HTTP_HOST header: '127.0.0.1:8000'. You may need to add '127.0.0.1' to ALLOWED_HOSTS.
Traceback (most recent call last):
  File "D:\CTPR\venv\Lib\site-packages\django\core\handlers\exception.py", line 55, in inner
    response = get_response(request)
               ^^^^^^^^^^^^^^^^^^^^^
  File "D:\CTPR\venv\Lib\site-packages\django\utils\deprecation.py", line 133, in __call__
    response = self.process_request(request)
               ^^^^^^^^^^^^^^^^^^^^^^^^^^^^^
  File "D:\CTPR\venv\Lib\site-packages\django\middleware\common.py", line 48, in process_request
    host = request.get_host()
           ^^^^^^^^^^^^^^^^^^
  File "D:\CTPR\venv\Lib\site-packages\django\http\request.py", line 150, in get_host
    raise DisallowedHost(msg)
django.core.exceptions.DisallowedHost: Invalid HTTP_HOST header: '127.0.0.1:8000'. You may need to add '127.0.0.1' to ALLOWED_HOSTS.
Bad Request: /favicon.ico
"GET /favicon.ico HTTP/1.1" 400 143
Invalid HTTP_HOST header: '127.0.0.1:8000'. You may need to add '127.0.0.1' to ALLOWED_HOSTS.
Traceback (most recent call last):
  File "D:\CTPR\venv\Lib\site-packages\django\core\handlers\exception.py", line 55, in inner
    response = get_response(request)
               ^^^^^^^^^^^^^^^^^^^^^
  File "D:\CTPR\venv\Lib\site-packages\django\utils\deprecation.py", line 133, in __call__
    response = self.process_request(request)
               ^^^^^^^^^^^^^^^^^^^^^^^^^^^^^
  File "D:\CTPR\venv\Lib\site-packages\django\middleware\common.py", line 48, in process_request
    host = request.get_host()
           ^^^^^^^^^^^^^^^^^^
  File "D:\CTPR\venv\Lib\site-packages\django\http\request.py", line 150, in get_host
    raise DisallowedHost(msg)
django.core.exceptions.DisallowedHost: Invalid HTTP_HOST header: '127.0.0.1:8000'. You may need to add '127.0.0.1' to ALLOWED_HOSTS.
Bad Request: /
"GET / HTTP/1.1" 400 143
Invalid HTTP_HOST header: '127.0.0.1:8000'. You may need to add '127.0.0.1' to ALLOWED_HOSTS.
Traceback (most recent call last):
  File "D:\CTPR\venv\Lib\site-packages\django\core\handlers\exception.py", line 55, in inner
    response = get_response(request)
               ^^^^^^^^^^^^^^^^^^^^^
  File "D:\CTPR\venv\Lib\site-packages\django\utils\deprecation.py", line 133, in __call__
    response = self.process_request(request)
               ^^^^^^^^^^^^^^^^^^^^^^^^^^^^^
  File "D:\CTPR\venv\Lib\site-packages\django\middleware\common.py", line 48, in process_request
    host = request.get_host()
           ^^^^^^^^^^^^^^^^^^
  File "D:\CTPR\venv\Lib\site-packages\django\http\request.py", line 150, in get_host
    raise DisallowedHost(msg)
django.core.exceptions.DisallowedHost: Invalid HTTP_HOST header: '127.0.0.1:8000'. You may need to add '127.0.0.1' to ALLOWED_HOSTS.
Bad Request: /favicon.ico
"GET /favicon.ico HTTP/1.1" 400 143
Invalid HTTP_HOST header: '127.0.0.1:8000'. You may need to add '127.0.0.1' to ALLOWED_HOSTS.
Traceback (most recent call last):
  File "D:\CTPR\venv\Lib\site-packages\django\core\handlers\exception.py", line 55, in inner
    response = get_response(request)
               ^^^^^^^^^^^^^^^^^^^^^
  File "D:\CTPR\venv\Lib\site-packages\django\utils\deprecation.py", line 133, in __call__
    response = self.process_request(request)
               ^^^^^^^^^^^^^^^^^^^^^^^^^^^^^
  File "D:\CTPR\venv\Lib\site-packages\django\middleware\common.py", line 48, in process_request
    host = request.get_host()
           ^^^^^^^^^^^^^^^^^^
  File "D:\CTPR\venv\Lib\site-packages\django\http\request.py", line 150, in get_host
    raise DisallowedHost(msg)
django.core.exceptions.DisallowedHost: Invalid HTTP_HOST header: '127.0.0.1:8000'. You may need to add '127.0.0.1' to ALLOWED_HOSTS.
Bad Request: /
"GET / HTTP/1.1" 400 143
Invalid HTTP_HOST header: '127.0.0.1:8000'. You may need to add '127.0.0.1' to ALLOWED_HOSTS.
Traceback (most recent call last):
  File "D:\CTPR\venv\Lib\site-packages\django\core\handlers\exception.py", line 55, in inner
    response = get_response(request)
               ^^^^^^^^^^^^^^^^^^^^^
  File "D:\CTPR\venv\Lib\site-packages\django\utils\deprecation.py", line 133, in __call__
    response = self.process_request(request)
               ^^^^^^^^^^^^^^^^^^^^^^^^^^^^^
  File "D:\CTPR\venv\Lib\site-packages\django\middleware\common.py", line 48, in process_request
    host = request.get_host()
           ^^^^^^^^^^^^^^^^^^
  File "D:\CTPR\venv\Lib\site-packages\django\http\request.py", line 150, in get_host
    raise DisallowedHost(msg)
django.core.exceptions.DisallowedHost: Invalid HTTP_HOST header: '127.0.0.1:8000'. You may need to add '127.0.0.1' to ALLOWED_HOSTS.
Bad Request: /favicon.ico
"GET /favicon.ico HTTP/1.1" 400 143
Invalid HTTP_HOST header: '127.0.0.1:8000'. You may need to add '127.0.0.1' to ALLOWED_HOSTS.
Traceback (most recent call last):
  File "D:\CTPR\venv\Lib\site-packages\django\core\handlers\exception.py", line 55, in inner
    response = get_response(request)
               ^^^^^^^^^^^^^^^^^^^^^
  File "D:\CTPR\venv\Lib\site-packages\django\utils\deprecation.py", line 133, in __call__
    response = self.process_request(request)
               ^^^^^^^^^^^^^^^^^^^^^^^^^^^^^
  File "D:\CTPR\venv\Lib\site-packages\django\middleware\common.py", line 48, in process_request
    host = request.get_host()
           ^^^^^^^^^^^^^^^^^^
  File "D:\CTPR\venv\Lib\site-packages\django\http\request.py", line 150, in get_host
    raise DisallowedHost(msg)
django.core.exceptions.DisallowedHost: Invalid HTTP_HOST header: '127.0.0.1:8000'. You may need to add '127.0.0.1' to ALLOWED_HOSTS.
Bad Request: /
"GET / HTTP/1.1" 400 143
Invalid HTTP_HOST header: '127.0.0.1:8000'. You may need to add '127.0.0.1' to ALLOWED_HOSTS.
Traceback (most recent call last):
  File "D:\CTPR\venv\Lib\site-packages\django\core\handlers\exception.py", line 55, in inner
    response = get_response(request)
               ^^^^^^^^^^^^^^^^^^^^^
  File "D:\CTPR\venv\Lib\site-packages\django\utils\deprecation.py", line 133, in __call__
    response = self.process_request(request)
               ^^^^^^^^^^^^^^^^^^^^^^^^^^^^^
  File "D:\CTPR\venv\Lib\site-packages\django\middleware\common.py", line 48, in process_request
    host = request.get_host()
           ^^^^^^^^^^^^^^^^^^
  File "D:\CTPR\venv\Lib\site-packages\django\http\request.py", line 150, in get_host
    raise DisallowedHost(msg)
django.core.exceptions.DisallowedHost: Invalid HTTP_HOST header: '127.0.0.1:8000'. You may need to add '127.0.0.1' to ALLOWED_HOSTS.
Bad Request: /favicon.ico
"GET /favicon.ico HTTP/1.1" 400 143
D:\CTPR\CTPR\settings.py changed, reloading.
Watching for file changes with StatReloader
D:\CTPR\CTPR\settings.py changed, reloading.
Watching for file changes with StatReloader
"GET / HTTP/1.1" 200 8577
"GET /static/css/bootstrap.min.css HTTP/1.1" 200 232691
"GET /static/css/styles.css HTTP/1.1" 200 22772
"GET /static/js/app.js HTTP/1.1" 200 391
"GET /static/imagenes/loguito1.jpg HTTP/1.1" 200 6215
"GET /static/js/bootstrap.bundle.min.js HTTP/1.1" 200 80578
"GET /static/imagenes/logo1.jfif HTTP/1.1" 200 26886
"GET /static/imagenes/ausencias.jpg HTTP/1.1" 200 95041
"GET /static/imagenes/banda.jpg HTTP/1.1" 200 91584
"GET /static/imagenes/cotai1.jpg HTTP/1.1" 200 98971
"GET /static/imagenes/kender.jpg HTTP/1.1" 200 386493
"GET /static/imagenes/Prematricula-fondo.jpg HTTP/1.1" 200 109074
"GET /static/imagenes/ventas.jpg HTTP/1.1" 200 159778
"GET /static/favicon.ico HTTP/1.1" 200 207982
"GET / HTTP/1.1" 200 8579
"GET /admin/ HTTP/1.1" 200 13714
"GET /static/admin/css/nav_sidebar.css HTTP/1.1" 200 2694
"GET /static/admin/css/dark_mode.css HTTP/1.1" 200 2929
"GET /static/admin/css/base.css HTTP/1.1" 200 21310
"GET /static/admin/css/dashboard.css HTTP/1.1" 200 441
"GET /static/admin/css/responsive.css HTTP/1.1" 200 18559
"GET /static/admin/img/icon-changelink.svg HTTP/1.1" 200 380
"GET /static/admin/img/icon-deletelink.svg HTTP/1.1" 200 392
"GET /static/admin/img/icon-addlink.svg HTTP/1.1" 200 331
"GET /static/admin/js/theme.js HTTP/1.1" 200 1943
"GET /static/admin/js/nav_sidebar.js HTTP/1.1" 200 3063
Not Found: /favicon.ico
"GET /favicon.ico HTTP/1.1" 404 3933
"GET /admin/auth/user/ HTTP/1.1" 200 14854
"GET /static/admin/css/changelists.css HTTP/1.1" 200 6566
"GET /static/admin/js/jquery.init.js HTTP/1.1" 200 347
"GET /static/admin/js/core.js HTTP/1.1" 200 5682
"GET /static/admin/js/admin/RelatedObjectLookups.js HTTP/1.1" 200 8943
"GET /static/admin/js/prepopulate.js HTTP/1.1" 200 1531
"GET /static/admin/js/urlify.js HTTP/1.1" 200 7887
"GET /static/admin/js/actions.js HTTP/1.1" 200 7872
"GET /admin/jsi18n/ HTTP/1.1" 200 8006
"GET /static/admin/js/vendor/jquery/jquery.js HTTP/1.1" 200 292458
"GET /static/admin/js/filters.js HTTP/1.1" 200 978
"GET /static/admin/img/search.svg HTTP/1.1" 200 458
"GET /static/admin/img/icon-unknown.svg HTTP/1.1" 200 655
"GET /static/admin/img/icon-yes.svg HTTP/1.1" 200 436
"GET /static/admin/js/vendor/xregexp/xregexp.js HTTP/1.1" 200 232381
"GET /static/admin/img/tooltag-add.svg HTTP/1.1" 200 331
"GET /static/admin/img/sorting-icons.svg HTTP/1.1" 200 1097
"GET /admin/auth/user/add/ HTTP/1.1" 200 14045
"GET /admin/jsi18n/ HTTP/1.1" 200 8006
"GET /static/admin/css/forms.css HTTP/1.1" 200 9048
"GET /static/admin/js/prepopulate_init.js HTTP/1.1" 200 586
"GET /static/admin/css/widgets.css HTTP/1.1" 200 11921
"GET /static/admin/js/change_form.js HTTP/1.1" 200 606
"POST /admin/auth/user/add/ HTTP/1.1" 200 14263
"GET /admin/jsi18n/ HTTP/1.1" 200 8006
"POST /admin/auth/user/add/ HTTP/1.1" 200 14252
"GET /admin/jsi18n/ HTTP/1.1" 200 8006
"POST /admin/auth/user/add/ HTTP/1.1" 302 0
"GET /admin/auth/user/3/change/ HTTP/1.1" 200 27261
"GET /admin/jsi18n/ HTTP/1.1" 200 8006
"GET /static/admin/js/SelectBox.js HTTP/1.1" 200 4530
"GET /static/admin/js/SelectFilter2.js HTTP/1.1" 200 15292
"GET /static/admin/js/calendar.js HTTP/1.1" 200 8466
"GET /static/admin/js/admin/DateTimeShortcuts.js HTTP/1.1" 200 19319
"GET /static/admin/img/icon-clock.svg HTTP/1.1" 200 677
"GET /static/admin/img/icon-unknown-alt.svg HTTP/1.1" 200 655
"GET /static/admin/img/selector-icons.svg HTTP/1.1" 200 3291
"GET /static/admin/img/icon-calendar.svg HTTP/1.1" 200 1086
"POST /admin/auth/user/3/change/ HTTP/1.1" 302 0
"GET /admin/auth/user/ HTTP/1.1" 200 15484
"GET /admin/jsi18n/ HTTP/1.1" 200 8006
"POST /admin/logout/ HTTP/1.1" 200 3628
"GET /admin/ HTTP/1.1" 302 0
"GET /admin/login/?next=/admin/ HTTP/1.1" 200 4244
"GET /static/admin/css/login.css HTTP/1.1" 200 958
"POST /admin/login/?next=/admin/ HTTP/1.1" 302 0
"GET /admin/ HTTP/1.1" 200 5292
"GET /static/admin/img/icon-viewlink.svg HTTP/1.1" 200 581
"GET /admin/Registro_Ausencias/estudiantes/ HTTP/1.1" 200 7187
"GET / HTTP/1.1" 200 8023
"GET / HTTP/1.1" 200 8121
"GET /admin/ HTTP/1.1" 200 5292
"POST /admin/logout/ HTTP/1.1" 200 3628
"GET /admin/ HTTP/1.1" 302 0
"GET /admin/login/?next=/admin/ HTTP/1.1" 200 4244
"POST /admin/login/?next=/admin/ HTTP/1.1" 302 0
"GET /admin/ HTTP/1.1" 200 13696
"GET / HTTP/1.1" 200 8579
"GET /downloads/viewPreMatricula/ HTTP/1.1" 200 4831
